<?xml version="1.0" encoding="UTF-8"?>
<!-- Generated by org.testng.reporters.JUnitXMLReporter -->
<testsuite hostname="HYL-777648" name="Test" tests="14" failures="6" timestamp="28 Jul 2020 10:36:46 GMT" time="37.237" errors="0">
  <testcase name="restAPITest" time="1.86" classname="com.hyland.IT.tests.IntegrationTest"/>
  <testcase name="restAPITest" time="3.32" classname="com.hyland.IT.tests.IntegrationTest">
    <failure type="java.lang.Throwable" message="The following asserts failed:
	expected [TIF101] but found [TIF100]">
      <![CDATA[java.lang.Throwable: The following asserts failed:
	expected [TIF101] but found [TIF100]
	at com.hyland.IT.tests.IntegrationTest.setResultTestName(IntegrationTest.java:68)
... Removed 26 stack frames]]>
    </failure>
  </testcase> <!-- restAPITest -->
  <testcase name="restAPITest" time="1.783" classname="com.hyland.IT.tests.IntegrationTest"/>
  <testcase name="restAPITest" time="1.23" classname="com.hyland.IT.tests.IntegrationTest">
    <failure type="java.lang.Throwable" message="The following asserts failed:
	expected [201] but found [200]">
      <![CDATA[java.lang.Throwable: The following asserts failed:
	expected [201] but found [200]
	at com.hyland.IT.tests.IntegrationTest.setResultTestName(IntegrationTest.java:68)
... Removed 26 stack frames]]>
    </failure>
  </testcase> <!-- restAPITest -->
  <testcase name="restAPITest" time="2.336" classname="com.hyland.IT.tests.IntegrationTest"/>
  <testcase name="restAPITest" time="0.902" classname="com.hyland.IT.tests.IntegrationTest">
    <failure type="java.lang.Throwable" message="The following asserts failed:
	expected [OneContent1] but found [OneContent],
	expected [HL8] but found [HL7]">
      <![CDATA[java.lang.Throwable: The following asserts failed:
	expected [OneContent1] but found [OneContent],
	expected [HL8] but found [HL7]
	at com.hyland.IT.tests.IntegrationTest.setResultTestName(IntegrationTest.java:68)
... Removed 26 stack frames]]>
    </failure>
  </testcase> <!-- restAPITest -->
  <testcase name="restAPITest" time="6.241" classname="com.hyland.IT.tests.IntegrationTest">
    <failure type="java.lang.Throwable" message="The following asserts failed:
	Expected Response time 1 sec but Actual Response Time 1.739 sec. 
	 expected [true] but found [false]">
      <![CDATA[java.lang.Throwable: The following asserts failed:
	Expected Response time 1 sec but Actual Response Time 1.739 sec. 
	 expected [true] but found [false]
	at com.hyland.IT.tests.IntegrationTest.setResultTestName(IntegrationTest.java:68)
... Removed 26 stack frames]]>
    </failure>
  </testcase> <!-- restAPITest -->
  <testcase name="restAPITest" time="1.07" classname="com.hyland.IT.tests.IntegrationTest">
    <failure type="java.lang.Throwable" message="The following asserts failed:
	expected [201] but found [200]">
      <![CDATA[java.lang.Throwable: The following asserts failed:
	expected [201] but found [200]
	at com.hyland.IT.tests.IntegrationTest.setResultTestName(IntegrationTest.java:68)
... Removed 26 stack frames]]>
    </failure>
  </testcase> <!-- restAPITest -->
  <testcase name="restAPITest" time="3.28" classname="com.hyland.IT.tests.IntegrationTest"/>
  <testcase name="restAPITest" time="4.376" classname="com.hyland.IT.tests.IntegrationTest">
    <failure type="java.lang.Throwable" message="The following asserts failed:
	expected [DB3] but found [DB2],
	expected [DB3] but found [DB2]">
      <![CDATA[java.lang.Throwable: The following asserts failed:
	expected [DB3] but found [DB2],
	expected [DB3] but found [DB2]
	at com.hyland.IT.tests.IntegrationTest.setResultTestName(IntegrationTest.java:68)
... Removed 26 stack frames]]>
    </failure>
  </testcase> <!-- restAPITest -->
  <testcase name="restAPITest" time="1.373" classname="com.hyland.IT.tests.IntegrationTest"/>
  <testcase name="restAPITest" time="5.032" classname="com.hyland.IT.tests.IntegrationTest"/>
  <testcase name="restAPITest" time="0.962" classname="com.hyland.IT.tests.IntegrationTest"/>
  <testcase name="restAPITest" time="2.909" classname="com.hyland.IT.tests.IntegrationTest"/>
</testsuite> <!-- Test -->
