<html>
<head>
<title>TestNG:  Test</title>
<link href="../testng.css" rel="stylesheet" type="text/css" />
<link href="../my-testng.css" rel="stylesheet" type="text/css" />

<style type="text/css">
.log { display: none;} 
.stack-trace { display: none;} 
</style>
<script type="text/javascript">
<!--
function flip(e) {
  current = e.style.display;
  if (current == 'block') {
    e.style.display = 'none';
    return 0;
  }
  else {
    e.style.display = 'block';
    return 1;
  }
}

function toggleBox(szDivId, elem, msg1, msg2)
{
  var res = -1;  if (document.getElementById) {
    res = flip(document.getElementById(szDivId));
  }
  else if (document.all) {
    // this is the way old msie versions work
    res = flip(document.all[szDivId]);
  }
  if(elem) {
    if(res == 0) elem.innerHTML = msg1; else elem.innerHTML = msg2;
  }

}

function toggleAllBoxes() {
  if (document.getElementsByTagName) {
    d = document.getElementsByTagName('div');
    for (i = 0; i < d.length; i++) {
      if (d[i].className == 'log') {
        flip(d[i]);
      }
    }
  }
}

// -->
</script>

</head>
<body>
<h2 align='center'>Test</h2><table border='1' align="center">
<tr>
<td>Tests passed/Failed/Skipped:</td><td>8/6/0</td>
</tr><tr>
<td>Started on:</td><td>Tue Jul 28 16:06:09 IST 2020</td>
</tr>
<tr><td>Total time:</td><td>37 seconds (37237 ms)</td>
</tr><tr>
<td>Included groups:</td><td></td>
</tr><tr>
<td>Excluded groups:</td><td></td>
</tr>
</table><p/>
<small><i>(Hover the method name to see the test class name)</i></small><p/>
<table width='100%' border='1' class='invocation-failed'>
<tr><td colspan='4' align='center'><b>FAILED TESTS</b></td></tr>
<tr><td><b>Test method</b></td>
<td width="30%"><b>Exception</b></td>
<td width="10%"><b>Time (seconds)</b></td>
<td><b>Instance</b></td>
</tr>
<tr>
<td title='com.hyland.IT.tests.IntegrationTest.FAILED --> File Name : PhysicianQueryServices.yaml; End Point : GET::/deficiencyDocInfo [Query Params: {duid=1.2.840.113782.1.3.123.1038.9.20180109.48444956},  Path Params: null, DB Query: ]()'><b>FAILED --> File Name : PhysicianQueryServices.yaml; End Point : GET::/deficiencyDocInfo [Query Params: {duid=1.2.840.113782.1.3.123.1038.9.20180109.48444956},  Path Params: null, DB Query: ]</b><br>Test class: com.hyland.IT.tests.IntegrationTest</td>
<td><div><pre>java.lang.Throwable: The following asserts failed:
	expected [OneContent1] but found [OneContent],
	expected [HL8] but found [HL7]
	at com.hyland.IT.tests.IntegrationTest.setResultTestName(IntegrationTest.java:68)
... Removed 26 stack frames</pre></div><a href='#' onClick='toggleBox("stack-trace1910813448", this, "Click to show all stack frames", "Click to hide stack frames")'>Click to show all stack frames</a>
<div class='stack-trace' id='stack-trace1910813448'><pre>java.lang.Throwable: The following asserts failed:
	expected [OneContent1] but found [OneContent],
	expected [HL8] but found [HL7]
	at com.hyland.IT.tests.IntegrationTest.setResultTestName(IntegrationTest.java:68)
	at sun.reflect.NativeMethodAccessorImpl.invoke0(Native Method)
	at sun.reflect.NativeMethodAccessorImpl.invoke(NativeMethodAccessorImpl.java:62)
	at sun.reflect.DelegatingMethodAccessorImpl.invoke(DelegatingMethodAccessorImpl.java:43)
	at java.lang.reflect.Method.invoke(Method.java:498)
	at org.testng.internal.MethodInvocationHelper.invokeMethod(MethodInvocationHelper.java:86)
	at org.testng.internal.Invoker.invokeConfigurationMethod(Invoker.java:514)
	at org.testng.internal.Invoker.invokeConfigurations(Invoker.java:215)
	at org.testng.internal.Invoker.invokeMethod(Invoker.java:707)
	at org.testng.internal.Invoker.invokeTestMethod(Invoker.java:820)
	at org.testng.internal.Invoker.invokeTestMethods(Invoker.java:1128)
	at org.testng.internal.TestMethodWorker.invokeTestMethods(TestMethodWorker.java:129)
	at org.testng.internal.TestMethodWorker.run(TestMethodWorker.java:112)
	at org.testng.TestRunner.privateRun(TestRunner.java:782)
	at org.testng.TestRunner.run(TestRunner.java:632)
	at org.testng.SuiteRunner.runTest(SuiteRunner.java:366)
	at org.testng.SuiteRunner.runSequentially(SuiteRunner.java:361)
	at org.testng.SuiteRunner.privateRun(SuiteRunner.java:319)
	at org.testng.SuiteRunner.run(SuiteRunner.java:268)
	at org.testng.SuiteRunnerWorker.runSuite(SuiteRunnerWorker.java:52)
	at org.testng.SuiteRunnerWorker.run(SuiteRunnerWorker.java:86)
	at org.testng.TestNG.runSuitesSequentially(TestNG.java:1244)
	at org.testng.TestNG.runSuitesLocally(TestNG.java:1169)
	at org.testng.TestNG.run(TestNG.java:1064)
	at org.testng.remote.AbstractRemoteTestNG.run(AbstractRemoteTestNG.java:126)
	at org.testng.remote.RemoteTestNG.initAndRun(RemoteTestNG.java:137)
	at org.testng.remote.RemoteTestNG.main(RemoteTestNG.java:58)
</pre></div></td>
<td>0</td>
<td>com.hyland.IT.tests.IntegrationTest@3fa76c61</td></tr>
<tr>
<td title='com.hyland.IT.tests.IntegrationTest.FAILED --> File Name : PhysicianQueryServices.yaml; End Point : GET::/docLocking [Query Params: null,  Path Params: null, DB Query: ]()'><b>FAILED --> File Name : PhysicianQueryServices.yaml; End Point : GET::/docLocking [Query Params: null,  Path Params: null, DB Query: ]</b><br>Test class: com.hyland.IT.tests.IntegrationTest</td>
<td><div><pre>java.lang.Throwable: The following asserts failed:
	expected [201] but found [200]
	at com.hyland.IT.tests.IntegrationTest.setResultTestName(IntegrationTest.java:68)
... Removed 26 stack frames</pre></div><a href='#' onClick='toggleBox("stack-trace249109901", this, "Click to show all stack frames", "Click to hide stack frames")'>Click to show all stack frames</a>
<div class='stack-trace' id='stack-trace249109901'><pre>java.lang.Throwable: The following asserts failed:
	expected [201] but found [200]
	at com.hyland.IT.tests.IntegrationTest.setResultTestName(IntegrationTest.java:68)
	at sun.reflect.NativeMethodAccessorImpl.invoke0(Native Method)
	at sun.reflect.NativeMethodAccessorImpl.invoke(NativeMethodAccessorImpl.java:62)
	at sun.reflect.DelegatingMethodAccessorImpl.invoke(DelegatingMethodAccessorImpl.java:43)
	at java.lang.reflect.Method.invoke(Method.java:498)
	at org.testng.internal.MethodInvocationHelper.invokeMethod(MethodInvocationHelper.java:86)
	at org.testng.internal.Invoker.invokeConfigurationMethod(Invoker.java:514)
	at org.testng.internal.Invoker.invokeConfigurations(Invoker.java:215)
	at org.testng.internal.Invoker.invokeMethod(Invoker.java:707)
	at org.testng.internal.Invoker.invokeTestMethod(Invoker.java:820)
	at org.testng.internal.Invoker.invokeTestMethods(Invoker.java:1128)
	at org.testng.internal.TestMethodWorker.invokeTestMethods(TestMethodWorker.java:129)
	at org.testng.internal.TestMethodWorker.run(TestMethodWorker.java:112)
	at org.testng.TestRunner.privateRun(TestRunner.java:782)
	at org.testng.TestRunner.run(TestRunner.java:632)
	at org.testng.SuiteRunner.runTest(SuiteRunner.java:366)
	at org.testng.SuiteRunner.runSequentially(SuiteRunner.java:361)
	at org.testng.SuiteRunner.privateRun(SuiteRunner.java:319)
	at org.testng.SuiteRunner.run(SuiteRunner.java:268)
	at org.testng.SuiteRunnerWorker.runSuite(SuiteRunnerWorker.java:52)
	at org.testng.SuiteRunnerWorker.run(SuiteRunnerWorker.java:86)
	at org.testng.TestNG.runSuitesSequentially(TestNG.java:1244)
	at org.testng.TestNG.runSuitesLocally(TestNG.java:1169)
	at org.testng.TestNG.run(TestNG.java:1064)
	at org.testng.remote.AbstractRemoteTestNG.run(AbstractRemoteTestNG.java:126)
	at org.testng.remote.RemoteTestNG.initAndRun(RemoteTestNG.java:137)
	at org.testng.remote.RemoteTestNG.main(RemoteTestNG.java:58)
</pre></div></td>
<td>1</td>
<td>com.hyland.IT.tests.IntegrationTest@59546cfe</td></tr>
<tr>
<td title='com.hyland.IT.tests.IntegrationTest.FAILED --> File Name : PhysicianQueryServices.yaml; End Point : GET::/getDictationDocTypes/{facility} [Query Params: null,  Path Params: {facility=A}, DB Query: ]()'><b>FAILED --> File Name : PhysicianQueryServices.yaml; End Point : GET::/getDictationDocTypes/{facility} [Query Params: null,  Path Params: {facility=A}, DB Query: ]</b><br>Test class: com.hyland.IT.tests.IntegrationTest</td>
<td><div><pre>java.lang.Throwable: The following asserts failed:
	expected [TIF101] but found [TIF100]
	at com.hyland.IT.tests.IntegrationTest.setResultTestName(IntegrationTest.java:68)
... Removed 26 stack frames</pre></div><a href='#' onClick='toggleBox("stack-trace83532470", this, "Click to show all stack frames", "Click to hide stack frames")'>Click to show all stack frames</a>
<div class='stack-trace' id='stack-trace83532470'><pre>java.lang.Throwable: The following asserts failed:
	expected [TIF101] but found [TIF100]
	at com.hyland.IT.tests.IntegrationTest.setResultTestName(IntegrationTest.java:68)
	at sun.reflect.NativeMethodAccessorImpl.invoke0(Native Method)
	at sun.reflect.NativeMethodAccessorImpl.invoke(NativeMethodAccessorImpl.java:62)
	at sun.reflect.DelegatingMethodAccessorImpl.invoke(DelegatingMethodAccessorImpl.java:43)
	at java.lang.reflect.Method.invoke(Method.java:498)
	at org.testng.internal.MethodInvocationHelper.invokeMethod(MethodInvocationHelper.java:86)
	at org.testng.internal.Invoker.invokeConfigurationMethod(Invoker.java:514)
	at org.testng.internal.Invoker.invokeConfigurations(Invoker.java:215)
	at org.testng.internal.Invoker.invokeMethod(Invoker.java:707)
	at org.testng.internal.Invoker.invokeTestMethod(Invoker.java:820)
	at org.testng.internal.Invoker.invokeTestMethods(Invoker.java:1128)
	at org.testng.internal.TestMethodWorker.invokeTestMethods(TestMethodWorker.java:129)
	at org.testng.internal.TestMethodWorker.run(TestMethodWorker.java:112)
	at org.testng.TestRunner.privateRun(TestRunner.java:782)
	at org.testng.TestRunner.run(TestRunner.java:632)
	at org.testng.SuiteRunner.runTest(SuiteRunner.java:366)
	at org.testng.SuiteRunner.runSequentially(SuiteRunner.java:361)
	at org.testng.SuiteRunner.privateRun(SuiteRunner.java:319)
	at org.testng.SuiteRunner.run(SuiteRunner.java:268)
	at org.testng.SuiteRunnerWorker.runSuite(SuiteRunnerWorker.java:52)
	at org.testng.SuiteRunnerWorker.run(SuiteRunnerWorker.java:86)
	at org.testng.TestNG.runSuitesSequentially(TestNG.java:1244)
	at org.testng.TestNG.runSuitesLocally(TestNG.java:1169)
	at org.testng.TestNG.run(TestNG.java:1064)
	at org.testng.remote.AbstractRemoteTestNG.run(AbstractRemoteTestNG.java:126)
	at org.testng.remote.RemoteTestNG.initAndRun(RemoteTestNG.java:137)
	at org.testng.remote.RemoteTestNG.main(RemoteTestNG.java:58)
</pre></div></td>
<td>3</td>
<td>com.hyland.IT.tests.IntegrationTest@29ea78b1</td></tr>
<tr>
<td title='com.hyland.IT.tests.IntegrationTest.FAILED --> File Name : PhysicianQueryServices.yaml; End Point : GET::/getDictationJobIds/{encounter} [Query Params: null,  Path Params: {encounter=7777071253}, DB Query: ]()'><b>FAILED --> File Name : PhysicianQueryServices.yaml; End Point : GET::/getDictationJobIds/{encounter} [Query Params: null,  Path Params: {encounter=7777071253}, DB Query: ]</b><br>Test class: com.hyland.IT.tests.IntegrationTest</td>
<td><div><pre>java.lang.Throwable: The following asserts failed:
	expected [201] but found [200]
	at com.hyland.IT.tests.IntegrationTest.setResultTestName(IntegrationTest.java:68)
... Removed 26 stack frames</pre></div><a href='#' onClick='toggleBox("stack-trace2055276126", this, "Click to show all stack frames", "Click to hide stack frames")'>Click to show all stack frames</a>
<div class='stack-trace' id='stack-trace2055276126'><pre>java.lang.Throwable: The following asserts failed:
	expected [201] but found [200]
	at com.hyland.IT.tests.IntegrationTest.setResultTestName(IntegrationTest.java:68)
	at sun.reflect.NativeMethodAccessorImpl.invoke0(Native Method)
	at sun.reflect.NativeMethodAccessorImpl.invoke(NativeMethodAccessorImpl.java:62)
	at sun.reflect.DelegatingMethodAccessorImpl.invoke(DelegatingMethodAccessorImpl.java:43)
	at java.lang.reflect.Method.invoke(Method.java:498)
	at org.testng.internal.MethodInvocationHelper.invokeMethod(MethodInvocationHelper.java:86)
	at org.testng.internal.Invoker.invokeConfigurationMethod(Invoker.java:514)
	at org.testng.internal.Invoker.invokeConfigurations(Invoker.java:215)
	at org.testng.internal.Invoker.invokeMethod(Invoker.java:707)
	at org.testng.internal.Invoker.invokeTestMethod(Invoker.java:820)
	at org.testng.internal.Invoker.invokeTestMethods(Invoker.java:1128)
	at org.testng.internal.TestMethodWorker.invokeTestMethods(TestMethodWorker.java:129)
	at org.testng.internal.TestMethodWorker.run(TestMethodWorker.java:112)
	at org.testng.TestRunner.privateRun(TestRunner.java:782)
	at org.testng.TestRunner.run(TestRunner.java:632)
	at org.testng.SuiteRunner.runTest(SuiteRunner.java:366)
	at org.testng.SuiteRunner.runSequentially(SuiteRunner.java:361)
	at org.testng.SuiteRunner.privateRun(SuiteRunner.java:319)
	at org.testng.SuiteRunner.run(SuiteRunner.java:268)
	at org.testng.SuiteRunnerWorker.runSuite(SuiteRunnerWorker.java:52)
	at org.testng.SuiteRunnerWorker.run(SuiteRunnerWorker.java:86)
	at org.testng.TestNG.runSuitesSequentially(TestNG.java:1244)
	at org.testng.TestNG.runSuitesLocally(TestNG.java:1169)
	at org.testng.TestNG.run(TestNG.java:1064)
	at org.testng.remote.AbstractRemoteTestNG.run(AbstractRemoteTestNG.java:126)
	at org.testng.remote.RemoteTestNG.initAndRun(RemoteTestNG.java:137)
	at org.testng.remote.RemoteTestNG.main(RemoteTestNG.java:58)
</pre></div></td>
<td>1</td>
<td>com.hyland.IT.tests.IntegrationTest@2d5f7182</td></tr>
<tr>
<td title='com.hyland.IT.tests.IntegrationTest.FAILED --> File Name : PhysicianQueryServices.yaml; End Point : POST::/ [Query Params: {facility=A},  Path Params: null, DB Query: SELECT queue from cabinet.dbo.follow_up where id = 53222]()'><b>FAILED --> File Name : PhysicianQueryServices.yaml; End Point : POST::/ [Query Params: {facility=A},  Path Params: null, DB Query: SELECT queue from cabinet.dbo.follow_up where id = 53222]</b><br>Test class: com.hyland.IT.tests.IntegrationTest</td>
<td><div><pre>java.lang.Throwable: The following asserts failed:
	expected [DB3] but found [DB2],
	expected [DB3] but found [DB2]
	at com.hyland.IT.tests.IntegrationTest.setResultTestName(IntegrationTest.java:68)
... Removed 26 stack frames</pre></div><a href='#' onClick='toggleBox("stack-trace108209958", this, "Click to show all stack frames", "Click to hide stack frames")'>Click to show all stack frames</a>
<div class='stack-trace' id='stack-trace108209958'><pre>java.lang.Throwable: The following asserts failed:
	expected [DB3] but found [DB2],
	expected [DB3] but found [DB2]
	at com.hyland.IT.tests.IntegrationTest.setResultTestName(IntegrationTest.java:68)
	at sun.reflect.NativeMethodAccessorImpl.invoke0(Native Method)
	at sun.reflect.NativeMethodAccessorImpl.invoke(NativeMethodAccessorImpl.java:62)
	at sun.reflect.DelegatingMethodAccessorImpl.invoke(DelegatingMethodAccessorImpl.java:43)
	at java.lang.reflect.Method.invoke(Method.java:498)
	at org.testng.internal.MethodInvocationHelper.invokeMethod(MethodInvocationHelper.java:86)
	at org.testng.internal.Invoker.invokeConfigurationMethod(Invoker.java:514)
	at org.testng.internal.Invoker.invokeConfigurations(Invoker.java:215)
	at org.testng.internal.Invoker.invokeMethod(Invoker.java:707)
	at org.testng.internal.Invoker.invokeTestMethod(Invoker.java:820)
	at org.testng.internal.Invoker.invokeTestMethods(Invoker.java:1128)
	at org.testng.internal.TestMethodWorker.invokeTestMethods(TestMethodWorker.java:129)
	at org.testng.internal.TestMethodWorker.run(TestMethodWorker.java:112)
	at org.testng.TestRunner.privateRun(TestRunner.java:782)
	at org.testng.TestRunner.run(TestRunner.java:632)
	at org.testng.SuiteRunner.runTest(SuiteRunner.java:366)
	at org.testng.SuiteRunner.runSequentially(SuiteRunner.java:361)
	at org.testng.SuiteRunner.privateRun(SuiteRunner.java:319)
	at org.testng.SuiteRunner.run(SuiteRunner.java:268)
	at org.testng.SuiteRunnerWorker.runSuite(SuiteRunnerWorker.java:52)
	at org.testng.SuiteRunnerWorker.run(SuiteRunnerWorker.java:86)
	at org.testng.TestNG.runSuitesSequentially(TestNG.java:1244)
	at org.testng.TestNG.runSuitesLocally(TestNG.java:1169)
	at org.testng.TestNG.run(TestNG.java:1064)
	at org.testng.remote.AbstractRemoteTestNG.run(AbstractRemoteTestNG.java:126)
	at org.testng.remote.RemoteTestNG.initAndRun(RemoteTestNG.java:137)
	at org.testng.remote.RemoteTestNG.main(RemoteTestNG.java:58)
</pre></div></td>
<td>4</td>
<td>com.hyland.IT.tests.IntegrationTest@6fc3e1a4</td></tr>
<tr>
<td title='com.hyland.IT.tests.IntegrationTest.FAILED --> File Name : TaskListServices.yaml; End Point : GET::/encounter [Query Params: {taskGroup=Deficiency, encounter=7777071253, facility=A},  Path Params: null, DB Query: ]()'><b>FAILED --> File Name : TaskListServices.yaml; End Point : GET::/encounter [Query Params: {taskGroup=Deficiency, encounter=7777071253, facility=A},  Path Params: null, DB Query: ]</b><br>Test class: com.hyland.IT.tests.IntegrationTest</td>
<td><div><pre>java.lang.Throwable: The following asserts failed:
	Expected Response time 1 sec but Actual Response Time 1.739 sec. 
	 expected [true] but found [false]
	at com.hyland.IT.tests.IntegrationTest.setResultTestName(IntegrationTest.java:68)
... Removed 26 stack frames</pre></div><a href='#' onClick='toggleBox("stack-trace1937575946", this, "Click to show all stack frames", "Click to hide stack frames")'>Click to show all stack frames</a>
<div class='stack-trace' id='stack-trace1937575946'><pre>java.lang.Throwable: The following asserts failed:
	Expected Response time 1 sec but Actual Response Time 1.739 sec. 
	 expected [true] but found [false]
	at com.hyland.IT.tests.IntegrationTest.setResultTestName(IntegrationTest.java:68)
	at sun.reflect.NativeMethodAccessorImpl.invoke0(Native Method)
	at sun.reflect.NativeMethodAccessorImpl.invoke(NativeMethodAccessorImpl.java:62)
	at sun.reflect.DelegatingMethodAccessorImpl.invoke(DelegatingMethodAccessorImpl.java:43)
	at java.lang.reflect.Method.invoke(Method.java:498)
	at org.testng.internal.MethodInvocationHelper.invokeMethod(MethodInvocationHelper.java:86)
	at org.testng.internal.Invoker.invokeConfigurationMethod(Invoker.java:514)
	at org.testng.internal.Invoker.invokeConfigurations(Invoker.java:215)
	at org.testng.internal.Invoker.invokeMethod(Invoker.java:707)
	at org.testng.internal.Invoker.invokeTestMethod(Invoker.java:820)
	at org.testng.internal.Invoker.invokeTestMethods(Invoker.java:1128)
	at org.testng.internal.TestMethodWorker.invokeTestMethods(TestMethodWorker.java:129)
	at org.testng.internal.TestMethodWorker.run(TestMethodWorker.java:112)
	at org.testng.TestRunner.privateRun(TestRunner.java:782)
	at org.testng.TestRunner.run(TestRunner.java:632)
	at org.testng.SuiteRunner.runTest(SuiteRunner.java:366)
	at org.testng.SuiteRunner.runSequentially(SuiteRunner.java:361)
	at org.testng.SuiteRunner.privateRun(SuiteRunner.java:319)
	at org.testng.SuiteRunner.run(SuiteRunner.java:268)
	at org.testng.SuiteRunnerWorker.runSuite(SuiteRunnerWorker.java:52)
	at org.testng.SuiteRunnerWorker.run(SuiteRunnerWorker.java:86)
	at org.testng.TestNG.runSuitesSequentially(TestNG.java:1244)
	at org.testng.TestNG.runSuitesLocally(TestNG.java:1169)
	at org.testng.TestNG.run(TestNG.java:1064)
	at org.testng.remote.AbstractRemoteTestNG.run(AbstractRemoteTestNG.java:126)
	at org.testng.remote.RemoteTestNG.initAndRun(RemoteTestNG.java:137)
	at org.testng.remote.RemoteTestNG.main(RemoteTestNG.java:58)
</pre></div></td>
<td>6</td>
<td>com.hyland.IT.tests.IntegrationTest@58294867</td></tr>
</table><p>
<table width='100%' border='1' class='invocation-passed'>
<tr><td colspan='4' align='center'><b>PASSED TESTS</b></td></tr>
<tr><td><b>Test method</b></td>
<td width="30%"><b>Exception</b></td>
<td width="10%"><b>Time (seconds)</b></td>
<td><b>Instance</b></td>
</tr>
<tr>
<td title='com.hyland.IT.tests.IntegrationTest.PASSED --> File Name : DeficiencyServices.yaml; End Point : GET::/deficiencyDocInfo [Query Params: {duid=1.2.840.113782.1.3.123.1038.9.20180109.48444956},  Path Params: null, DB Query: ]()'><b>PASSED --> File Name : DeficiencyServices.yaml; End Point : GET::/deficiencyDocInfo [Query Params: {duid=1.2.840.113782.1.3.123.1038.9.20180109.48444956},  Path Params: null, DB Query: ]</b><br>Test class: com.hyland.IT.tests.IntegrationTest</td>
<td></td>
<td>1</td>
<td>com.hyland.IT.tests.IntegrationTest@1e6dad8</td></tr>
<tr>
<td title='com.hyland.IT.tests.IntegrationTest.PASSED --> File Name : DeficiencyServices.yaml; End Point : GET::/docLocking [Query Params: null,  Path Params: null, DB Query: ]()'><b>PASSED --> File Name : DeficiencyServices.yaml; End Point : GET::/docLocking [Query Params: null,  Path Params: null, DB Query: ]</b><br>Test class: com.hyland.IT.tests.IntegrationTest</td>
<td></td>
<td>0</td>
<td>com.hyland.IT.tests.IntegrationTest@8ed9cf</td></tr>
<tr>
<td title='com.hyland.IT.tests.IntegrationTest.PASSED --> File Name : DeficiencyServices.yaml; End Point : GET::/getDictationDocTypes/{facility} [Query Params: null,  Path Params: {facility=A}, DB Query: ]()'><b>PASSED --> File Name : DeficiencyServices.yaml; End Point : GET::/getDictationDocTypes/{facility} [Query Params: null,  Path Params: {facility=A}, DB Query: ]</b><br>Test class: com.hyland.IT.tests.IntegrationTest</td>
<td></td>
<td>2</td>
<td>com.hyland.IT.tests.IntegrationTest@f72203</td></tr>
<tr>
<td title='com.hyland.IT.tests.IntegrationTest.PASSED --> File Name : DeficiencyServices.yaml; End Point : GET::/getDictationJobIds/{encounter} [Query Params: null,  Path Params: {encounter=7777071253}, DB Query: ]()'><b>PASSED --> File Name : DeficiencyServices.yaml; End Point : GET::/getDictationJobIds/{encounter} [Query Params: null,  Path Params: {encounter=7777071253}, DB Query: ]</b><br>Test class: com.hyland.IT.tests.IntegrationTest</td>
<td></td>
<td>1</td>
<td>com.hyland.IT.tests.IntegrationTest@7b3315a5</td></tr>
<tr>
<td title='com.hyland.IT.tests.IntegrationTest.PASSED --> File Name : DeficiencyServices.yaml; End Point : GET::/getDocTypesForDefType/{facility} [Query Params: null,  Path Params: {facility=A}, DB Query: ]()'><b>PASSED --> File Name : DeficiencyServices.yaml; End Point : GET::/getDocTypesForDefType/{facility} [Query Params: null,  Path Params: {facility=A}, DB Query: ]</b><br>Test class: com.hyland.IT.tests.IntegrationTest</td>
<td></td>
<td>2</td>
<td>com.hyland.IT.tests.IntegrationTest@377008df</td></tr>
<tr>
<td title='com.hyland.IT.tests.IntegrationTest.PASSED --> File Name : DeficiencyServices.yaml; End Point : POST::/ [Query Params: {facility=A},  Path Params: null, DB Query: SELECT queue from cabinet.dbo.follow_up where id = 53223 and facility = A and duid = 1.2.840.113782.1.3.123.1038.9.20180109.48444956]()'><b>PASSED --> File Name : DeficiencyServices.yaml; End Point : POST::/ [Query Params: {facility=A},  Path Params: null, DB Query: SELECT queue from cabinet.dbo.follow_up where id = 53223 and facility = A and duid = 1.2.840.113782.1.3.123.1038.9.20180109.48444956]</b><br>Test class: com.hyland.IT.tests.IntegrationTest</td>
<td></td>
<td>5</td>
<td>com.hyland.IT.tests.IntegrationTest@7baf6acf</td></tr>
<tr>
<td title='com.hyland.IT.tests.IntegrationTest.PASSED --> File Name : PhysicianQueryServices.yaml; End Point : GET::/getDocTypesForDefType/{facility} [Query Params: null,  Path Params: {facility=A}, DB Query: ]()'><b>PASSED --> File Name : PhysicianQueryServices.yaml; End Point : GET::/getDocTypesForDefType/{facility} [Query Params: null,  Path Params: {facility=A}, DB Query: ]</b><br>Test class: com.hyland.IT.tests.IntegrationTest</td>
<td></td>
<td>1</td>
<td>com.hyland.IT.tests.IntegrationTest@2d2acd89</td></tr>
<tr>
<td title='com.hyland.IT.tests.IntegrationTest.PASSED --> File Name : TaskListServices.yaml; End Point : GET::/tasklist [Query Params: {taskGroup=Deficiency},  Path Params: null, DB Query: ]()'><b>PASSED --> File Name : TaskListServices.yaml; End Point : GET::/tasklist [Query Params: {taskGroup=Deficiency},  Path Params: null, DB Query: ]</b><br>Test class: com.hyland.IT.tests.IntegrationTest</td>
<td></td>
<td>3</td>
<td>com.hyland.IT.tests.IntegrationTest@67c277a0</td></tr>
</table><p>
</body>
</html>